 Program MEVELER by B. Dick, University of Regensburg
 Institute for Physical and Theoretical Chemistry
 93053 Regensburg, Germany
 email: bernhard.dick@chemie.uni-r.de
 Program version 2.0 beta of 01-MAY-2015 


 allocate DATEN               123201
 DATEN matrix is  351 by  351
 allocate FMAP and BASIS        1404
 allocate WORK                620919
 data points used in background region       13906
 average value of background                53.8243204372213455
 negative or invalid data        26731
 total ions in image        3.9736599000000000D+007
 average signal per pixel      322.5347115688995814
 guess for base             113371.1811697574885300
 allocate BSAVE             22935716
 allocate index array         123201


ITER    TEST      ENTROPY      CHTARG       CHISQ       POISS    CHIAV
  0  0.0000E+00  -.4653E+09  0.9647E+02  0.1985E+07  0.2522E+09  0.0000E+00
  1  0.6029E+00  -.4684E+09  0.9647E+02  0.1799E+07  0.2506E+09  0.0000E+00
  2  0.2657E+00  -.4629E+09  0.1792E+07  0.1623E+07  0.2528E+09  0.0000E+00
  3  0.1170E+00  -.4620E+09  0.1618E+07  0.1530E+07  0.2534E+09  0.0000E+00
  4  0.1305E+00  -.4639E+09  0.1525E+07  0.1517E+07  0.2524E+09  0.0000E+00
  5  0.2023E+00  -.4667E+09  0.1514E+07  0.1489E+07  0.2514E+09  0.0000E+00
  6  0.3188E+00  -.4668E+09  0.1488E+07  0.1511E+07  0.2514E+09  0.0000E+00
  7  0.4387E+00  -.4623E+09  0.1506E+07  0.1409E+07  0.2530E+09  0.0000E+00
  8  0.3405E+00  -.4582E+09  0.1397E+07  0.1347E+07  0.2545E+09  0.0000E+00
  9  0.2072E+00  -.4578E+09  0.1335E+07  0.1213E+07  0.2547E+09  0.0000E+00
 10  0.1015E+00  -.4593E+09  0.1203E+07  0.1129E+07  0.2542E+09  0.0000E+00
 11  0.4358E-01  -.4619E+09  0.1121E+07  0.1111E+07  0.2536E+09  0.0000E+00
 12  0.1157E+00  -.4642E+09  0.1107E+07  0.1100E+07  0.2523E+09  0.0000E+00
 13  0.4060E-01  -.4654E+09  0.1097E+07  0.1100E+07  0.2523E+09  0.0000E+00
 14  0.1877E+00  -.4676E+09  0.1099E+07  0.1093E+07  0.2510E+09  0.0000E+00
 Time=       4.7900000000000000 seconds
 Integral  5.5216547131360739D+007 Average   78656.0500446734222350
 normalized entropy       -5.9845701228706325
 SQRT(CHI**2/N)=        3.3636097978147443
